<?xml version="1.0" encoding="UTF-8"?>
<testsuite xmlns:xsi="http://www.w3.org/2001/XMLSchema-instance" xsi:noNamespaceSchemaLocation="https://maven.apache.org/surefire/maven-surefire-plugin/xsd/surefire-test-report-3.0.xsd" version="3.0" name="test.java.TestVueloDAO" time="0.198" tests="1" errors="0" skipped="0" failures="0">
  <properties>
[...]
</properties>
  <testcase name="testGuardarYListarVuelos" classname="test.java.TestVueloDAO" time="0.031">
    <system-out><![CDATA[Hibernate: drop table if exists Aeropuertos cascade 
Hibernate: drop table if exists Categorias cascade 
Hibernate: drop table if exists Ciudades cascade 
Hibernate: drop table if exists ItemsPaquete cascade 
Hibernate: drop table if exists PaquetesVuelo cascade 
Hibernate: drop table if exists Pasajes cascade 
Hibernate: drop table if exists Reservas cascade 
Hibernate: drop table if exists RutasVuelo cascade 
Hibernate: drop table if exists Usuarios cascade 
Hibernate: drop table if exists Vuelos cascade 
Hibernate: create table Aeropuertos (fechaAlta date, identificador bigint generated by default as identity, descripcion varchar(255), nombre varchar(255), sitioWeb varchar(255), primary key (identificador))
Hibernate: create table Categorias (identificador bigint generated by default as identity, nombre varchar(255), primary key (identificador))
Hibernate: create table Ciudades (aeropuerto_id bigint unique, identificador bigint generated by default as identity, nombre varchar(255), pais varchar(255), primary key (identificador))
Hibernate: create table ItemsPaquete (cantidad integer not null, identificador bigint generated by default as identity, paquete_id bigint not null, ruta_nombre varchar(120) not null, tipo_asiento enum ('EJECUTIVO','TURISTA') not null, primary key (identificador))
Hibernate: create table PaquetesVuelo (altafecha date not null, costo float(24) not null, descuento float(24) not null, dias_validez integer not null, identificador bigint generated by default as identity, nombre varchar(150) not null, descripcion varchar(500) not null, primary key (identificador), constraint uk_paquetes_nombre unique (nombre))
Hibernate: create table Pasajes (id_pasaje bigint generated by default as identity, reserva_id bigint not null, apellido varchar(120) not null, nombre varchar(120) not null, primary key (id_pasaje))
Hibernate: create table Reservas (cantidad_pasajes integer, costo float(24) not null, equipaje_extra integer, fecha date not null, vencimiento date, identificador bigint generated by default as identity, paquete_id bigint, cliente_nickname varchar(100) not null, vuelo_nombre varchar(120), tipo_asiento enum ('EJECUTIVO','TURISTA'), primary key (identificador))
Hibernate: create table RutasVuelo (costo_base_ejecutivo float(24) not null, costo_base_turista float(24) not null, costo_equipaje_extra float(24) not null, fecha_alta date not null, categoria_id bigint not null, destino_id bigint not null, origen_id bigint not null, aerolinea_nickname varchar(100) not null, nombre varchar(120) not null, descripcion varchar(500) not null, descripcion_corta varchar(500), imagen varchar(255), estado enum ('CONFIRMADA','INGRESADA','RECHAZADA'), primary key (nombre))
Hibernate: create table Usuarios (fecha_nac date, tipo_usuario varchar(16) not null, num_documento varchar(40), nacionalidad varchar(80), nickname varchar(100) not null, apellido varchar(120), nombre varchar(120) not null, email varchar(180) not null, sitioWeb varchar(200), descripcion varchar(300), contrasenia varchar(255) not null, imagen varchar(255), estado enum ('CERRADO','INGRESADO') not null, tipo_documento enum ('CEDULA','PASAPORTE'), primary key (nickname), constraint uk_usuarios_email unique (email))
Hibernate: create table Vuelos (asientos_ejecutivo integer not null, asientos_turista integer not null, duracion time(6) not null, fecha date not null, fecha_alta date not null, nombre varchar(120) not null, ruta_nombre varchar(120) not null, imagen varchar(255), primary key (nombre))
Hibernate: alter table if exists Ciudades add constraint FK66p1vrwa7op9mg81rpp5k7q5s foreign key (aeropuerto_id) references Aeropuertos
Hibernate: alter table if exists ItemsPaquete add constraint FK3pdoig0ws8v6yvdsxcn0xiofn foreign key (paquete_id) references PaquetesVuelo
Hibernate: alter table if exists ItemsPaquete add constraint FK3otnwidualfwbj3s6ipy6luf8 foreign key (ruta_nombre) references RutasVuelo
Hibernate: alter table if exists Pasajes add constraint FKiehptklh3ixywy8emfv1doti foreign key (reserva_id) references Reservas
Hibernate: alter table if exists Reservas add constraint FKis59vt1mobndf7tpdv7ed9i18 foreign key (cliente_nickname) references Usuarios
Hibernate: alter table if exists Reservas add constraint FKlf42vd6plhkt7xjyyljr378bp foreign key (paquete_id) references PaquetesVuelo
Hibernate: alter table if exists Reservas add constraint FKlk6sg088uq8vqh5ryi3707h9r foreign key (vuelo_nombre) references Vuelos
Hibernate: alter table if exists RutasVuelo add constraint FK5c7050351mb147cvb557c4npc foreign key (aerolinea_nickname) references Usuarios
Hibernate: alter table if exists RutasVuelo add constraint FK579gh9y92tnxr446neavvkab9 foreign key (categoria_id) references Categorias
Hibernate: alter table if exists RutasVuelo add constraint FKarjp34c4u3thvkdew29g92uhq foreign key (destino_id) references Ciudades
Hibernate: alter table if exists RutasVuelo add constraint FK7xef99djfw89bfi64wl2c7qo0 foreign key (origen_id) references Ciudades
Hibernate: alter table if exists Vuelos add constraint FKpsej0th6350lcoksliq1676fp foreign key (ruta_nombre) references RutasVuelo
Hibernate: drop table if exists Aeropuertos cascade 
Hibernate: drop table if exists Categorias cascade 
Hibernate: drop table if exists Ciudades cascade 
Hibernate: drop table if exists ItemsPaquete cascade 
Hibernate: drop table if exists PaquetesVuelo cascade 
Hibernate: drop table if exists Pasajes cascade 
Hibernate: drop table if exists Reservas cascade 
Hibernate: drop table if exists RutasVuelo cascade 
Hibernate: drop table if exists Usuarios cascade 
Hibernate: drop table if exists Vuelos cascade 
Hibernate: create table Aeropuertos (fechaAlta date, identificador bigint generated by default as identity, descripcion varchar(255), nombre varchar(255), sitioWeb varchar(255), primary key (identificador))
Hibernate: create table Categorias (identificador bigint generated by default as identity, nombre varchar(255), primary key (identificador))
Hibernate: create table Ciudades (aeropuerto_id bigint unique, identificador bigint generated by default as identity, nombre varchar(255), pais varchar(255), primary key (identificador))
Hibernate: create table ItemsPaquete (cantidad integer not null, identificador bigint generated by default as identity, paquete_id bigint not null, ruta_nombre varchar(120) not null, tipo_asiento enum ('EJECUTIVO','TURISTA') not null, primary key (identificador))
Hibernate: create table PaquetesVuelo (altafecha date not null, costo float(24) not null, descuento float(24) not null, dias_validez integer not null, identificador bigint generated by default as identity, nombre varchar(150) not null, descripcion varchar(500) not null, primary key (identificador), constraint uk_paquetes_nombre unique (nombre))
Hibernate: create table Pasajes (id_pasaje bigint generated by default as identity, reserva_id bigint not null, apellido varchar(120) not null, nombre varchar(120) not null, primary key (id_pasaje))
Hibernate: create table Reservas (cantidad_pasajes integer, costo float(24) not null, equipaje_extra integer, fecha date not null, vencimiento date, identificador bigint generated by default as identity, paquete_id bigint, cliente_nickname varchar(100) not null, vuelo_nombre varchar(120), tipo_asiento enum ('EJECUTIVO','TURISTA'), primary key (identificador))
Hibernate: create table RutasVuelo (costo_base_ejecutivo float(24) not null, costo_base_turista float(24) not null, costo_equipaje_extra float(24) not null, fecha_alta date not null, categoria_id bigint not null, destino_id bigint not null, origen_id bigint not null, aerolinea_nickname varchar(100) not null, nombre varchar(120) not null, descripcion varchar(500) not null, descripcion_corta varchar(500), imagen varchar(255), estado enum ('CONFIRMADA','INGRESADA','RECHAZADA'), primary key (nombre))
Hibernate: create table Usuarios (fecha_nac date, tipo_usuario varchar(16) not null, num_documento varchar(40), nacionalidad varchar(80), nickname varchar(100) not null, apellido varchar(120), nombre varchar(120) not null, email varchar(180) not null, sitioWeb varchar(200), descripcion varchar(300), contrasenia varchar(255) not null, imagen varchar(255), estado enum ('CERRADO','INGRESADO') not null, tipo_documento enum ('CEDULA','PASAPORTE'), primary key (nickname), constraint uk_usuarios_email unique (email))
Hibernate: create table Vuelos (asientos_ejecutivo integer not null, asientos_turista integer not null, duracion time(6) not null, fecha date not null, fecha_alta date not null, nombre varchar(120) not null, ruta_nombre varchar(120) not null, imagen varchar(255), primary key (nombre))
Hibernate: alter table if exists Ciudades add constraint FK66p1vrwa7op9mg81rpp5k7q5s foreign key (aeropuerto_id) references Aeropuertos
Hibernate: alter table if exists ItemsPaquete add constraint FK3pdoig0ws8v6yvdsxcn0xiofn foreign key (paquete_id) references PaquetesVuelo
Hibernate: alter table if exists ItemsPaquete add constraint FK3otnwidualfwbj3s6ipy6luf8 foreign key (ruta_nombre) references RutasVuelo
Hibernate: alter table if exists Pasajes add constraint FKiehptklh3ixywy8emfv1doti foreign key (reserva_id) references Reservas
Hibernate: alter table if exists Reservas add constraint FKis59vt1mobndf7tpdv7ed9i18 foreign key (cliente_nickname) references Usuarios
Hibernate: alter table if exists Reservas add constraint FKlf42vd6plhkt7xjyyljr378bp foreign key (paquete_id) references PaquetesVuelo
Hibernate: alter table if exists Reservas add constraint FKlk6sg088uq8vqh5ryi3707h9r foreign key (vuelo_nombre) references Vuelos
Hibernate: alter table if exists RutasVuelo add constraint FK5c7050351mb147cvb557c4npc foreign key (aerolinea_nickname) references Usuarios
Hibernate: alter table if exists RutasVuelo add constraint FK579gh9y92tnxr446neavvkab9 foreign key (categoria_id) references Categorias
Hibernate: alter table if exists RutasVuelo add constraint FKarjp34c4u3thvkdew29g92uhq foreign key (destino_id) references Ciudades
Hibernate: alter table if exists RutasVuelo add constraint FK7xef99djfw89bfi64wl2c7qo0 foreign key (origen_id) references Ciudades
Hibernate: alter table if exists Vuelos add constraint FKpsej0th6350lcoksliq1676fp foreign key (ruta_nombre) references RutasVuelo
Hibernate: insert into Aeropuertos (descripcion,fechaAlta,nombre,sitioWeb,identificador) values (?,?,?,?,default)
Hibernate: insert into Aeropuertos (descripcion,fechaAlta,nombre,sitioWeb,identificador) values (?,?,?,?,default)
Hibernate: insert into Ciudades (aeropuerto_id,nombre,pais,identificador) values (?,?,?,default)
Hibernate: insert into Ciudades (aeropuerto_id,nombre,pais,identificador) values (?,?,?,default)
Hibernate: insert into Usuarios (contrasenia,email,estado,nombre,imagen,descripcion,sitioWeb,tipo_usuario,nickname) values (?,?,?,?,?,?,?,'AEROLINEA',?)
Hibernate: insert into Categorias (nombre,identificador) values (?,default)
Hibernate: insert into RutasVuelo (aerolinea_nickname,categoria_id,costo_base_ejecutivo,costo_base_turista,costo_equipaje_extra,descripcion,descripcion_corta,destino_id,estado,fecha_alta,origen_id,imagen,nombre) values (?,?,?,?,?,?,?,?,?,?,?,?,?)
Hibernate: select v1_0.nombre,v1_0.asientos_ejecutivo,v1_0.asientos_turista,v1_0.duracion,v1_0.fecha,v1_0.fecha_alta,v1_0.ruta_nombre,v1_0.imagen from Vuelos v1_0 where v1_0.nombre=?
Hibernate: select null,rv1_0.aerolinea_nickname,rv1_0.categoria_id,rv1_0.costo_base_ejecutivo,rv1_0.costo_base_turista,rv1_0.costo_equipaje_extra,rv1_0.descripcion,rv1_0.descripcion_corta,rv1_0.destino_id,rv1_0.estado,rv1_0.fecha_alta,rv1_0.origen_id,rv1_0.imagen from RutasVuelo rv1_0 where rv1_0.nombre=?
Hibernate: insert into Vuelos (asientos_ejecutivo,asientos_turista,duracion,fecha,fecha_alta,ruta_nombre,imagen,nombre) values (?,?,?,?,?,?,?,?)
Hibernate: select v1_0.nombre,v1_0.asientos_ejecutivo,v1_0.asientos_turista,v1_0.duracion,v1_0.fecha,v1_0.fecha_alta,v1_0.ruta_nombre,r1_0.nombre,r1_0.aerolinea_nickname,r1_0.categoria_id,r1_0.costo_base_ejecutivo,r1_0.costo_base_turista,r1_0.costo_equipaje_extra,r1_0.descripcion,r1_0.descripcion_corta,r1_0.destino_id,r1_0.estado,r1_0.fecha_alta,r1_0.origen_id,r1_0.imagen,v1_0.imagen from Vuelos v1_0 join RutasVuelo r1_0 on r1_0.nombre=v1_0.ruta_nombre where v1_0.nombre=?
Hibernate: select v1_0.nombre from Vuelos v1_0 where v1_0.ruta_nombre=?
Hibernate: select v1_0.nombre,v1_0.asientos_ejecutivo,v1_0.asientos_turista,v1_0.duracion,v1_0.fecha,v1_0.fecha_alta,v1_0.ruta_nombre,v1_0.imagen from Vuelos v1_0 where v1_0.ruta_nombre=?
Hibernate: select rv1_0.nombre,rv1_0.aerolinea_nickname,rv1_0.categoria_id,rv1_0.costo_base_ejecutivo,rv1_0.costo_base_turista,rv1_0.costo_equipaje_extra,rv1_0.descripcion,rv1_0.descripcion_corta,rv1_0.destino_id,rv1_0.estado,rv1_0.fecha_alta,rv1_0.origen_id,rv1_0.imagen from RutasVuelo rv1_0 where rv1_0.nombre=?
Hibernate: select c1_0.identificador,a1_0.identificador,a1_0.descripcion,a1_0.fechaAlta,a1_0.nombre,a1_0.sitioWeb,c1_0.nombre,c1_0.pais from Ciudades c1_0 left join Aeropuertos a1_0 on a1_0.identificador=c1_0.aeropuerto_id where c1_0.identificador=?
Hibernate: select c1_0.identificador,a1_0.identificador,a1_0.descripcion,a1_0.fechaAlta,a1_0.nombre,a1_0.sitioWeb,c1_0.nombre,c1_0.pais from Ciudades c1_0 left join Aeropuertos a1_0 on a1_0.identificador=c1_0.aeropuerto_id where c1_0.identificador=?
Hibernate: select v1_0.nombre,v1_0.asientos_ejecutivo,v1_0.asientos_turista,v1_0.duracion,v1_0.fecha,v1_0.fecha_alta,v1_0.ruta_nombre,v1_0.imagen from Vuelos v1_0 where v1_0.nombre=?
]]></system-out>
    <system-err><![CDATA[Nov 06, 2025 5:02:04 PM org.hibernate.jpa.boot.internal.PersistenceXmlParser parsePersistenceXml
WARN: HHH015018: Encountered multiple persistence-unit stanzas defining same name [appPU]; persistence-unit names must be unique
Nov 06, 2025 5:02:04 PM org.hibernate.jpa.internal.util.LogHelper logPersistenceUnitInformation
INFO: HHH000204: Processing PersistenceUnitInfo [name: appPU]
Nov 06, 2025 5:02:04 PM org.hibernate.cache.internal.RegionFactoryInitiator initiateService
INFO: HHH000026: Second-level cache disabled
Nov 06, 2025 5:02:04 PM org.hibernate.engine.jdbc.connections.internal.DriverManagerConnectionProviderImpl configure
WARN: HHH10001002: Using built-in connection pool (not intended for production use)
Nov 06, 2025 5:02:04 PM org.hibernate.engine.jdbc.connections.internal.DriverManagerConnectionProviderImpl buildCreator
INFO: HHH10001005: Loaded JDBC driver class: org.h2.Driver
Nov 06, 2025 5:02:04 PM org.hibernate.engine.jdbc.connections.internal.DriverManagerConnectionProviderImpl buildCreator
INFO: HHH10001012: Connecting with JDBC URL [jdbc:h2:mem:test;DB_CLOSE_DELAY=-1]
Nov 06, 2025 5:02:04 PM org.hibernate.engine.jdbc.connections.internal.DriverManagerConnectionProviderImpl buildCreator
INFO: HHH10001001: Connection properties: {password=****, user=sa}
Nov 06, 2025 5:02:04 PM org.hibernate.engine.jdbc.connections.internal.DriverManagerConnectionProviderImpl buildCreator
INFO: HHH10001003: Autocommit mode: false
Nov 06, 2025 5:02:04 PM org.hibernate.engine.jdbc.connections.internal.DriverManagerConnectionProviderImpl$PooledConnections <init>
INFO: HHH10001115: Connection pool size: 20 (min=1)
Nov 06, 2025 5:02:04 PM org.hibernate.engine.jdbc.dialect.internal.DialectFactoryImpl constructDialect
WARN: HHH90000025: H2Dialect does not need to be specified explicitly using 'hibernate.dialect' (remove the property setting and it will be selected by default)
Nov 06, 2025 5:02:04 PM org.hibernate.engine.transaction.jta.platform.internal.JtaPlatformInitiator initiateService
INFO: HHH000489: No JTA platform available (set 'hibernate.transaction.jta.platform' to enable JTA platform integration)
Nov 06, 2025 5:02:04 PM org.hibernate.resource.transaction.backend.jdbc.internal.DdlTransactionIsolatorNonJtaImpl getIsolatedConnection
INFO: HHH10001501: Connection obtained from JdbcConnectionAccess [org.hibernate.engine.jdbc.env.internal.JdbcEnvironmentInitiator$ConnectionProviderJdbcConnectionAccess@3632a9fa] for (non-JTA) DDL execution was not in auto-commit mode; the Connection 'local transaction' will be committed and the Connection will be set into auto-commit mode.
Nov 06, 2025 5:02:04 PM org.hibernate.resource.transaction.backend.jdbc.internal.DdlTransactionIsolatorNonJtaImpl getIsolatedConnection
INFO: HHH10001501: Connection obtained from JdbcConnectionAccess [org.hibernate.engine.jdbc.env.internal.JdbcEnvironmentInitiator$ConnectionProviderJdbcConnectionAccess@3291d68a] for (non-JTA) DDL execution was not in auto-commit mode; the Connection 'local transaction' will be committed and the Connection will be set into auto-commit mode.
Nov 06, 2025 5:02:04 PM org.hibernate.jpa.boot.internal.PersistenceXmlParser parsePersistenceXml
WARN: HHH015018: Encountered multiple persistence-unit stanzas defining same name [appPU]; persistence-unit names must be unique
Nov 06, 2025 5:02:04 PM org.hibernate.jpa.internal.util.LogHelper logPersistenceUnitInformation
INFO: HHH000204: Processing PersistenceUnitInfo [name: appPU]
Nov 06, 2025 5:02:04 PM org.hibernate.cache.internal.RegionFactoryInitiator initiateService
INFO: HHH000026: Second-level cache disabled
Nov 06, 2025 5:02:04 PM org.hibernate.engine.jdbc.connections.internal.DriverManagerConnectionProviderImpl configure
WARN: HHH10001002: Using built-in connection pool (not intended for production use)
Nov 06, 2025 5:02:04 PM org.hibernate.engine.jdbc.connections.internal.DriverManagerConnectionProviderImpl buildCreator
INFO: HHH10001005: Loaded JDBC driver class: org.h2.Driver
Nov 06, 2025 5:02:04 PM org.hibernate.engine.jdbc.connections.internal.DriverManagerConnectionProviderImpl buildCreator
INFO: HHH10001012: Connecting with JDBC URL [jdbc:h2:mem:test;DB_CLOSE_DELAY=-1]
Nov 06, 2025 5:02:04 PM org.hibernate.engine.jdbc.connections.internal.DriverManagerConnectionProviderImpl buildCreator
INFO: HHH10001001: Connection properties: {password=****, user=sa}
Nov 06, 2025 5:02:04 PM org.hibernate.engine.jdbc.connections.internal.DriverManagerConnectionProviderImpl buildCreator
INFO: HHH10001003: Autocommit mode: false
Nov 06, 2025 5:02:04 PM org.hibernate.engine.jdbc.connections.internal.DriverManagerConnectionProviderImpl$PooledConnections <init>
INFO: HHH10001115: Connection pool size: 20 (min=1)
Nov 06, 2025 5:02:04 PM org.hibernate.engine.jdbc.dialect.internal.DialectFactoryImpl constructDialect
WARN: HHH90000025: H2Dialect does not need to be specified explicitly using 'hibernate.dialect' (remove the property setting and it will be selected by default)
Nov 06, 2025 5:02:04 PM org.hibernate.engine.transaction.jta.platform.internal.JtaPlatformInitiator initiateService
INFO: HHH000489: No JTA platform available (set 'hibernate.transaction.jta.platform' to enable JTA platform integration)
Nov 06, 2025 5:02:04 PM org.hibernate.resource.transaction.backend.jdbc.internal.DdlTransactionIsolatorNonJtaImpl getIsolatedConnection
INFO: HHH10001501: Connection obtained from JdbcConnectionAccess [org.hibernate.engine.jdbc.env.internal.JdbcEnvironmentInitiator$ConnectionProviderJdbcConnectionAccess@140a72b7] for (non-JTA) DDL execution was not in auto-commit mode; the Connection 'local transaction' will be committed and the Connection will be set into auto-commit mode.
Nov 06, 2025 5:02:04 PM org.hibernate.resource.transaction.backend.jdbc.internal.DdlTransactionIsolatorNonJtaImpl getIsolatedConnection
INFO: HHH10001501: Connection obtained from JdbcConnectionAccess [org.hibernate.engine.jdbc.env.internal.JdbcEnvironmentInitiator$ConnectionProviderJdbcConnectionAccess@339c0d61] for (non-JTA) DDL execution was not in auto-commit mode; the Connection 'local transaction' will be committed and the Connection will be set into auto-commit mode.
]]></system-err>
  </testcase>
</testsuite>