<?xml version="1.0" encoding="UTF-8"?>
<testsuite xmlns:xsi="http://www.w3.org/2001/XMLSchema-instance" xsi:noNamespaceSchemaLocation="https://maven.apache.org/surefire/maven-surefire-plugin/xsd/surefire-test-report-3.0.xsd" version="3.0" name="test.java.TestRutaVuelo" time="0.004" tests="3" errors="0" skipped="0" failures="0">
  <properties>
[...]
</properties>
  <testcase name="testGettersAndSetters" classname="test.java.TestRutaVuelo" time="0.002"/>
  <testcase name="testToDtoWithVuelos" classname="test.java.TestRutaVuelo" time="0.001"/>
  <testcase name="testToDtoWithNullFields" classname="test.java.TestRutaVuelo" time="0.001"/>
</testsuite>